<?xml version="1.0" encoding="UTF-8"?>
<testng-results ignored="0" total="1" passed="1" failed="0" skipped="0">
  <reporter-output>
  </reporter-output>
  <suite started-at="2023-08-09T16:19:56 IST" name="Surefire suite" finished-at="2023-08-09T16:20:47 IST" duration-ms="51491">
    <groups>
    </groups>
    <test started-at="2023-08-09T16:19:56 IST" name="Surefire test" finished-at="2023-08-09T16:20:47 IST" duration-ms="51491">
      <class name="GitikaJenkins.JenkinsTest.AddToCartPageTest">
        <test-method is-config="true" signature="setup()[pri:0, instance:GitikaJenkins.JenkinsTest.AddToCartPageTest@4944252c]" started-at="2023-08-09T16:19:56 IST" name="setup" finished-at="2023-08-09T16:20:45 IST" duration-ms="49487" status="PASS">
          <reporter-output>
          </reporter-output>
        </test-method> <!-- setup -->
        <test-method signature="clickitemTest()[pri:1, instance:GitikaJenkins.JenkinsTest.AddToCartPageTest@4944252c]" started-at="2023-08-09T16:20:45 IST" name="clickitemTest" finished-at="2023-08-09T16:20:47 IST" duration-ms="1963" status="PASS">
          <reporter-output>
          </reporter-output>
        </test-method> <!-- clickitemTest -->
      </class> <!-- GitikaJenkins.JenkinsTest.AddToCartPageTest -->
    </test> <!-- Surefire test -->
  </suite> <!-- Surefire suite -->
</testng-results>
